<?xml version="1.0" encoding="UTF-8"?>
<!-- Generated by org.testng.reporters.JUnitReportReporter -->
<testsuite hostname="Suhas" failures="0" tests="10" name="testpack1.Testkeyword" time="0.209" errors="0" timestamp="2022-09-26T22:17:21 IST" skipped="0">
  <testcase classname="testpack1.Testkeyword" name="testB" time="0.020"/>
  <system-out/>
  <testcase classname="testpack1.Testkeyword" name="testB" time="0.009"/>
  <system-out/>
  <testcase classname="testpack1.Testkeyword" name="testD" time="0.072"/>
  <system-out/>
  <testcase classname="testpack1.Testkeyword" name="testD" time="0.011"/>
  <system-out/>
  <testcase classname="testpack1.Testkeyword" name="testA" time="0.019"/>
  <system-out/>
  <testcase classname="testpack1.Testkeyword" name="testA" time="0.031"/>
  <system-out/>
  <testcase classname="testpack1.Testkeyword" name="testA" time="0.009"/>
  <system-out/>
  <testcase classname="testpack1.Testkeyword" name="testA" time="0.008"/>
  <system-out/>
  <testcase classname="testpack1.Testkeyword" name="testC" time="0.022"/>
  <system-out/>
  <testcase classname="testpack1.Testkeyword" name="testC" time="0.008"/>
  <system-out/>
</testsuite> <!-- testpack1.Testkeyword -->
