<?xml version="1.0" encoding="UTF-8"?>
<!-- Generated by org.testng.reporters.JUnitReportReporter -->
<testsuite hostname="Suhas" failures="0" tests="2" name="testpack1.Hardassert" time="0.000" errors="0" timestamp="2022-09-26T22:10:08 IST" skipped="2">
  <testcase classname="testpack1.Hardassert" name="verifyContactToHelpCenter" time="0.000">
    <skipped/>
  </testcase> <!-- verifyContactToHelpCenter -->
  <system-out/>
  <testcase classname="testpack1.Hardassert" name="goBackToMessenger" time="0.000">
    <skipped/>
  </testcase> <!-- goBackToMessenger -->
  <system-out/>
</testsuite> <!-- testpack1.Hardassert -->
