<?xml version="1.0" encoding="UTF-8"?>
<!-- Generated by org.testng.reporters.JUnitReportReporter -->
<testsuite hostname="Suhas" failures="0" tests="4" name="testpack1.Test21" time="0.000" errors="0" timestamp="2022-09-26T22:10:08 IST" skipped="4">
  <testcase classname="testpack1.Test21" name="testA" time="0.000">
    <skipped/>
  </testcase> <!-- testA -->
  <system-out/>
  <testcase classname="testpack1.Test21" name="testB" time="0.000">
    <skipped/>
  </testcase> <!-- testB -->
  <system-out/>
  <testcase classname="testpack1.Test21" name="testD" time="0.000">
    <skipped/>
  </testcase> <!-- testD -->
  <system-out/>
  <testcase classname="testpack1.Test21" name="testC" time="0.000">
    <skipped/>
  </testcase> <!-- testC -->
  <system-out/>
</testsuite> <!-- testpack1.Test21 -->
