<?xml version="1.0" encoding="UTF-8"?>
<!-- Generated by org.testng.reporters.JUnitReportReporter -->
<testsuite hostname="Suhas" failures="0" tests="2" name="testpack1.Testng1" time="143.615" errors="0" timestamp="2022-09-10T16:03:42 IST" skipped="0">
  <testcase classname="testpack1.Testng1" name="test123" time="58.288"/>
  <system-out/>
  <testcase classname="testpack1.Testng1" name="test12" time="85.327"/>
  <system-out/>
</testsuite> <!-- testpack1.Testng1 -->
