<?xml version="1.0" encoding="UTF-8"?>
<!-- Generated by org.testng.reporters.JUnitReportReporter -->
<testsuite hostname="Suhas" failures="0" tests="4" name="testpack1.VerifyRoomPage" time="0.000" errors="0" timestamp="2022-09-26T22:27:42 IST" skipped="4">
  <testcase classname="testpack1.VerifyRoomPage" name="goBackToMessenger" time="0.000">
    <skipped/>
  </testcase> <!-- goBackToMessenger -->
  <system-out/>
  <testcase classname="testpack1.VerifyRoomPage" name="verifyContactToHelpCenter" time="0.000">
    <skipped/>
  </testcase> <!-- verifyContactToHelpCenter -->
  <system-out/>
  <testcase classname="testpack1.VerifyRoomPage" name="verifyContactToHelpCenter" time="0.000">
    <skipped/>
  </testcase> <!-- verifyContactToHelpCenter -->
  <system-out/>
  <testcase classname="testpack1.VerifyRoomPage" name="goBackToMessenger" time="0.000">
    <skipped/>
  </testcase> <!-- goBackToMessenger -->
  <system-out/>
</testsuite> <!-- testpack1.VerifyRoomPage -->
